2018-07-23 18:38:49,777 - WARNING - allennlp.commands.fine_tune - You passed parameters for the model in your configuration file, but we are ignoring them, using instead the model parameters in the archive.
2018-07-23 18:38:49,778 - INFO - allennlp.common.params - vocabulary = None
2018-07-23 18:38:49,915 - INFO - allennlp.common.params - iterator.type = bucket
2018-07-23 18:38:49,915 - INFO - allennlp.common.params - iterator.sorting_keys = [['premise', 'num_tokens'], ['hypothesis', 'num_tokens']]
2018-07-23 18:38:49,915 - INFO - allennlp.common.params - iterator.padding_noise = 0.1
2018-07-23 18:38:49,915 - INFO - allennlp.common.params - iterator.biggest_batch_first = False
2018-07-23 18:38:49,915 - INFO - allennlp.common.params - iterator.batch_size = 64
2018-07-23 18:38:49,916 - INFO - allennlp.common.params - iterator.instances_per_epoch = None
2018-07-23 18:38:49,916 - INFO - allennlp.common.params - iterator.max_instances_in_memory = None
2018-07-23 18:38:49,916 - INFO - allennlp.common.params - dataset_reader.type = snli
2018-07-23 18:38:49,916 - INFO - allennlp.common.params - dataset_reader.tokenizer.type = word
2018-07-23 18:38:49,916 - INFO - allennlp.common.params - dataset_reader.tokenizer.word_splitter.type = spacy
2018-07-23 18:38:49,916 - INFO - allennlp.common.params - dataset_reader.tokenizer.word_splitter.language = en_core_web_sm
2018-07-23 18:38:49,916 - INFO - allennlp.common.params - dataset_reader.tokenizer.word_splitter.pos_tags = False
2018-07-23 18:38:49,916 - INFO - allennlp.common.params - dataset_reader.tokenizer.word_splitter.parse = False
2018-07-23 18:38:49,916 - INFO - allennlp.common.params - dataset_reader.tokenizer.word_splitter.ner = False
2018-07-23 18:38:50,266 - INFO - allennlp.common.params - dataset_reader.tokenizer.word_filter.type = pass_through
2018-07-23 18:38:50,266 - INFO - allennlp.common.params - dataset_reader.tokenizer.word_stemmer.type = pass_through
2018-07-23 18:38:50,266 - INFO - allennlp.common.params - dataset_reader.tokenizer.start_tokens = None
2018-07-23 18:38:50,266 - INFO - allennlp.common.params - dataset_reader.tokenizer.end_tokens = ['@@NULL@@']
2018-07-23 18:38:50,267 - INFO - allennlp.common.params - dataset_reader.token_indexers.tokens.type = single_id
2018-07-23 18:38:50,267 - INFO - allennlp.common.params - dataset_reader.token_indexers.tokens.namespace = tokens
2018-07-23 18:38:50,267 - INFO - allennlp.common.params - dataset_reader.token_indexers.tokens.lowercase_tokens = True
2018-07-23 18:38:50,267 - INFO - allennlp.common.params - dataset_reader.lazy = False
2018-07-23 18:38:50,267 - INFO - allennlp.common.params - validation_dataset_reader = None
2018-07-23 18:38:50,267 - INFO - allennlp.common.params - train_data_path = fever_data/train_fever_randomUndersample_snliFormat.jsonl
2018-07-23 18:38:50,267 - INFO - allennlp.commands.train - Reading training data from fever_data/train_fever_randomUndersample_snliFormat.jsonl
2018-07-23 18:38:50,288 - INFO - allennlp.data.dataset_readers.snli - Reading SNLI instances from jsonl dataset at: fever_data/train_fever_randomUndersample_snliFormat.jsonl
2018-07-23 18:40:01,284 - INFO - allennlp.common.params - validation_data_path = fever_data/shared_task_dev_snliFormat.jsonl
2018-07-23 18:40:01,284 - INFO - allennlp.commands.train - Reading validation data from fever_data/shared_task_dev_snliFormat.jsonl
2018-07-23 18:40:01,285 - INFO - allennlp.data.dataset_readers.snli - Reading SNLI instances from jsonl dataset at: fever_data/shared_task_dev_snliFormat.jsonl
2018-07-23 18:40:17,811 - INFO - allennlp.common.params - test_data_path = None
2018-07-23 18:40:17,812 - INFO - allennlp.common.params - trainer.patience = 20
2018-07-23 18:40:17,812 - INFO - allennlp.common.params - trainer.validation_metric = +accuracy
2018-07-23 18:40:17,812 - INFO - allennlp.common.params - trainer.num_epochs = 140
2018-07-23 18:40:17,812 - INFO - allennlp.common.params - trainer.cuda_device = -1
2018-07-23 18:40:17,812 - INFO - allennlp.common.params - trainer.grad_norm = None
2018-07-23 18:40:17,812 - INFO - allennlp.common.params - trainer.grad_clipping = 5.0
2018-07-23 18:40:17,812 - INFO - allennlp.common.params - trainer.learning_rate_scheduler = None
2018-07-23 18:40:17,813 - INFO - allennlp.common.params - trainer.optimizer.type = adagrad
2018-07-23 18:40:17,813 - INFO - allennlp.common.params - trainer.optimizer.parameter_groups = None
2018-07-23 18:40:17,813 - INFO - allennlp.common.params - Converting Params object to dict; logging of default values will not occur when dictionary parameters are used subsequently.
2018-07-23 18:40:17,813 - INFO - allennlp.common.params - CURRENTLY DEFINED PARAMETERS: 
2018-07-23 18:40:17,833 - INFO - allennlp.common.params - trainer.num_serialized_models_to_keep = None
2018-07-23 18:40:17,833 - INFO - allennlp.common.params - trainer.keep_serialized_model_every_num_seconds = None
2018-07-23 18:40:17,833 - INFO - allennlp.common.params - trainer.model_save_interval = None
2018-07-23 18:40:17,833 - INFO - allennlp.common.params - trainer.summary_interval = 100
2018-07-23 18:40:17,833 - INFO - allennlp.common.params - trainer.histogram_interval = None
2018-07-23 18:40:17,837 - INFO - allennlp.common.params - evaluate_on_test = False
2018-07-23 18:40:17,837 - INFO - allennlp.training.trainer - Beginning training.
2018-07-23 18:40:17,837 - INFO - allennlp.training.trainer - Epoch 0/139
2018-07-23 18:40:17,838 - INFO - allennlp.training.trainer - Peak CPU memory usage MB: 3965.784
2018-07-23 18:40:18,122 - INFO - allennlp.training.trainer - GPU 0 memory usage MB: 18
2018-07-23 18:40:18,124 - INFO - allennlp.training.trainer - Training
2018-07-23 18:55:46,946 - INFO - allennlp.training.trainer - Validating
2018-07-23 18:56:16,043 - INFO - allennlp.training.trainer - Best validation performance so far. Copying weights to './fever_output//best.th'.
2018-07-23 18:56:16,086 - INFO - allennlp.training.trainer - Training accuracy : 0.609947    Validation accuracy : 0.656829 
2018-07-23 18:56:16,087 - INFO - allennlp.training.trainer - Training loss : 0.865796    Validation loss : 0.763844 
2018-07-23 18:56:16,087 - INFO - allennlp.training.trainer - Epoch duration: 00:15:58
2018-07-23 18:56:16,087 - INFO - allennlp.training.trainer - Estimated training time remaining: 12:59:56
2018-07-23 18:56:16,087 - INFO - allennlp.training.trainer - Epoch 1/139
2018-07-23 18:56:16,087 - INFO - allennlp.training.trainer - Peak CPU memory usage MB: 6508.52
2018-07-23 18:56:16,273 - INFO - allennlp.training.trainer - GPU 0 memory usage MB: 18
2018-07-23 18:56:16,274 - INFO - allennlp.training.trainer - Training
2018-07-23 19:11:28,296 - INFO - allennlp.training.trainer - Validating
2018-07-23 19:11:53,946 - INFO - allennlp.training.trainer - Best validation performance so far. Copying weights to './fever_output//best.th'.
2018-07-23 19:11:54,012 - INFO - allennlp.training.trainer - Training accuracy : 0.718006    Validation accuracy : 0.672116 
2018-07-23 19:11:54,013 - INFO - allennlp.training.trainer - Training loss : 0.657392    Validation loss : 0.757266 
2018-07-23 19:11:54,013 - INFO - allennlp.training.trainer - Epoch duration: 00:15:37
2018-07-23 19:11:54,013 - INFO - allennlp.training.trainer - Estimated training time remaining: 12:20:36
2018-07-23 19:11:54,013 - INFO - allennlp.training.trainer - Epoch 2/139
2018-07-23 19:11:54,013 - INFO - allennlp.training.trainer - Peak CPU memory usage MB: 6508.52
2018-07-23 19:11:54,253 - INFO - allennlp.training.trainer - GPU 0 memory usage MB: 18
2018-07-23 19:11:54,254 - INFO - allennlp.training.trainer - Training
2018-07-23 19:26:57,841 - INFO - allennlp.training.trainer - Validating
2018-07-23 19:27:22,985 - INFO - allennlp.training.trainer - Best validation performance so far. Copying weights to './fever_output//best.th'.
2018-07-23 19:27:23,039 - INFO - allennlp.training.trainer - Training accuracy : 0.741499    Validation accuracy : 0.694265 
2018-07-23 19:27:23,040 - INFO - allennlp.training.trainer - Training loss : 0.610928    Validation loss : 0.707226 
2018-07-23 19:27:23,040 - INFO - allennlp.training.trainer - Epoch duration: 00:15:29
2018-07-23 19:27:23,041 - INFO - allennlp.training.trainer - Estimated training time remaining: 11:50:17
2018-07-23 19:27:23,041 - INFO - allennlp.training.trainer - Epoch 3/139
2018-07-23 19:27:23,041 - INFO - allennlp.training.trainer - Peak CPU memory usage MB: 6508.52
2018-07-23 19:27:23,224 - INFO - allennlp.training.trainer - GPU 0 memory usage MB: 18
2018-07-23 19:27:23,225 - INFO - allennlp.training.trainer - Training
2018-07-23 19:42:19,644 - INFO - allennlp.training.trainer - Validating
2018-07-23 19:42:44,989 - INFO - allennlp.training.trainer - Best validation performance so far. Copying weights to './fever_output//best.th'.
2018-07-23 19:42:45,043 - INFO - allennlp.training.trainer - Training accuracy : 0.755091    Validation accuracy : 0.703861 
2018-07-23 19:42:45,044 - INFO - allennlp.training.trainer - Training loss : 0.582230    Validation loss : 0.692259 
2018-07-23 19:42:45,044 - INFO - allennlp.training.trainer - Epoch duration: 00:15:22
2018-07-23 19:42:45,045 - INFO - allennlp.training.trainer - Estimated training time remaining: 11:23:25
2018-07-23 19:42:45,045 - INFO - allennlp.training.trainer - Epoch 4/139
2018-07-23 19:42:45,045 - INFO - allennlp.training.trainer - Peak CPU memory usage MB: 6508.52
2018-07-23 19:42:45,250 - INFO - allennlp.training.trainer - GPU 0 memory usage MB: 18
2018-07-23 19:42:45,251 - INFO - allennlp.training.trainer - Training
2018-07-23 19:58:01,854 - INFO - allennlp.training.trainer - Validating
2018-07-23 19:58:25,704 - INFO - allennlp.training.trainer - Best validation performance so far. Copying weights to './fever_output//best.th'.
2018-07-23 19:58:25,760 - INFO - allennlp.training.trainer - Training accuracy : 0.764786    Validation accuracy : 0.709719 
2018-07-23 19:58:25,761 - INFO - allennlp.training.trainer - Training loss : 0.562314    Validation loss : 0.684350 
2018-07-23 19:58:25,761 - INFO - allennlp.training.trainer - Epoch duration: 00:15:40
2018-07-23 19:58:25,762 - INFO - allennlp.training.trainer - Estimated training time remaining: 11:09:33
2018-07-23 19:58:25,762 - INFO - allennlp.training.trainer - Epoch 5/139
2018-07-23 19:58:25,762 - INFO - allennlp.training.trainer - Peak CPU memory usage MB: 6508.52
2018-07-23 19:58:25,946 - INFO - allennlp.training.trainer - GPU 0 memory usage MB: 18
2018-07-23 19:58:25,948 - INFO - allennlp.training.trainer - Training
2018-07-23 20:13:23,542 - INFO - allennlp.training.trainer - Validating
2018-07-23 20:13:48,227 - INFO - allennlp.training.trainer - Training accuracy : 0.772077    Validation accuracy : 0.708296 
2018-07-23 20:13:48,228 - INFO - allennlp.training.trainer - Training loss : 0.545447    Validation loss : 0.685217 
2018-07-23 20:13:48,228 - INFO - allennlp.training.trainer - Epoch duration: 00:15:22
2018-07-23 20:13:48,228 - INFO - allennlp.training.trainer - Estimated training time remaining: 10:48:18
2018-07-23 20:13:48,229 - INFO - allennlp.training.trainer - Epoch 6/139
2018-07-23 20:13:48,229 - INFO - allennlp.training.trainer - Peak CPU memory usage MB: 6508.52
2018-07-23 20:13:48,419 - INFO - allennlp.training.trainer - GPU 0 memory usage MB: 18
2018-07-23 20:13:48,420 - INFO - allennlp.training.trainer - Training
2018-07-23 20:28:47,407 - INFO - allennlp.training.trainer - Validating
2018-07-23 20:29:13,370 - INFO - allennlp.training.trainer - Best validation performance so far. Copying weights to './fever_output//best.th'.
2018-07-23 20:29:13,426 - INFO - allennlp.training.trainer - Training accuracy : 0.778761    Validation accuracy : 0.715047 
2018-07-23 20:29:13,426 - INFO - allennlp.training.trainer - Training loss : 0.532714    Validation loss : 0.675880 
2018-07-23 20:29:13,426 - INFO - allennlp.training.trainer - Epoch duration: 00:15:25
2018-07-23 20:29:13,427 - INFO - allennlp.training.trainer - Estimated training time remaining: 10:29:36
2018-07-23 20:29:13,427 - INFO - allennlp.training.trainer - Epoch 7/139
2018-07-23 20:29:13,427 - INFO - allennlp.training.trainer - Peak CPU memory usage MB: 6508.52
2018-07-23 20:29:13,614 - INFO - allennlp.training.trainer - GPU 0 memory usage MB: 18
2018-07-23 20:29:13,616 - INFO - allennlp.training.trainer - Training
2018-07-23 20:44:25,626 - INFO - allennlp.training.trainer - Validating
2018-07-23 20:44:49,266 - INFO - allennlp.training.trainer - Training accuracy : 0.784776    Validation accuracy : 0.704168 
2018-07-23 20:44:49,267 - INFO - allennlp.training.trainer - Training loss : 0.522632    Validation loss : 0.695440 
2018-07-23 20:44:49,267 - INFO - allennlp.training.trainer - Epoch duration: 00:15:35
2018-07-23 20:44:49,268 - INFO - allennlp.training.trainer - Estimated training time remaining: 10:14:38
2018-07-23 20:44:49,268 - INFO - allennlp.training.trainer - Epoch 8/139
2018-07-23 20:44:49,268 - INFO - allennlp.training.trainer - Peak CPU memory usage MB: 6508.52
2018-07-23 20:44:49,477 - INFO - allennlp.training.trainer - GPU 0 memory usage MB: 18
2018-07-23 20:44:49,479 - INFO - allennlp.training.trainer - Training
2018-07-23 21:00:03,825 - INFO - allennlp.training.trainer - Validating
2018-07-23 21:00:28,024 - INFO - allennlp.training.trainer - Training accuracy : 0.788681    Validation accuracy : 0.709217 
2018-07-23 21:00:28,025 - INFO - allennlp.training.trainer - Training loss : 0.511964    Validation loss : 0.690877 
2018-07-23 21:00:28,025 - INFO - allennlp.training.trainer - Epoch duration: 00:15:38
2018-07-23 21:00:28,025 - INFO - allennlp.training.trainer - Estimated training time remaining: 10:00:14
2018-07-23 21:00:28,026 - INFO - allennlp.training.trainer - Epoch 9/139
2018-07-23 21:00:28,026 - INFO - allennlp.training.trainer - Peak CPU memory usage MB: 6508.52
2018-07-23 21:00:28,228 - INFO - allennlp.training.trainer - GPU 0 memory usage MB: 18
2018-07-23 21:00:28,230 - INFO - allennlp.training.trainer - Training
2018-07-23 21:15:29,647 - INFO - allennlp.training.trainer - Validating
2018-07-23 21:15:56,250 - INFO - allennlp.training.trainer - Training accuracy : 0.791685    Validation accuracy : 0.714684 
2018-07-23 21:15:56,251 - INFO - allennlp.training.trainer - Training loss : 0.503293    Validation loss : 0.683303 
2018-07-23 21:15:56,251 - INFO - allennlp.training.trainer - Epoch duration: 00:15:28
2018-07-23 21:15:56,251 - INFO - allennlp.training.trainer - Estimated training time remaining: 09:43:19
2018-07-23 21:15:56,251 - INFO - allennlp.training.trainer - Epoch 10/139
2018-07-23 21:15:56,252 - INFO - allennlp.training.trainer - Peak CPU memory usage MB: 6508.52
2018-07-23 21:15:56,457 - INFO - allennlp.training.trainer - GPU 0 memory usage MB: 18
2018-07-23 21:15:56,458 - INFO - allennlp.training.trainer - Training
2018-07-23 21:31:12,589 - INFO - allennlp.training.trainer - Validating
2018-07-23 21:31:37,481 - INFO - allennlp.training.trainer - Training accuracy : 0.796750    Validation accuracy : 0.705897 
2018-07-23 21:31:37,482 - INFO - allennlp.training.trainer - Training loss : 0.495308    Validation loss : 0.707389 
2018-07-23 21:31:37,482 - INFO - allennlp.training.trainer - Epoch duration: 00:15:41
2018-07-23 21:31:37,482 - INFO - allennlp.training.trainer - Estimated training time remaining: 09:29:12
2018-07-23 21:31:37,482 - INFO - allennlp.training.trainer - Epoch 11/139
2018-07-23 21:31:37,482 - INFO - allennlp.training.trainer - Peak CPU memory usage MB: 6508.52
2018-07-23 21:31:37,680 - INFO - allennlp.training.trainer - GPU 0 memory usage MB: 18
2018-07-23 21:31:37,682 - INFO - allennlp.training.trainer - Training
2018-07-23 21:47:02,279 - INFO - allennlp.training.trainer - Validating
2018-07-23 21:47:28,161 - INFO - allennlp.training.trainer - Training accuracy : 0.798450    Validation accuracy : 0.713624 
2018-07-23 21:47:28,165 - INFO - allennlp.training.trainer - Training loss : 0.488549    Validation loss : 0.700258 
2018-07-23 21:47:28,165 - INFO - allennlp.training.trainer - Epoch duration: 00:15:50
2018-07-23 21:47:28,165 - INFO - allennlp.training.trainer - Estimated training time remaining: 09:16:30
2018-07-23 21:47:28,165 - INFO - allennlp.training.trainer - Epoch 12/139
2018-07-23 21:47:28,165 - INFO - allennlp.training.trainer - Peak CPU memory usage MB: 6508.52
2018-07-23 21:47:28,413 - INFO - allennlp.training.trainer - GPU 0 memory usage MB: 18
2018-07-23 21:47:28,414 - INFO - allennlp.training.trainer - Training
2018-07-23 22:02:20,670 - INFO - allennlp.training.trainer - Validating
2018-07-23 22:02:46,370 - INFO - allennlp.training.trainer - Best validation performance so far. Copying weights to './fever_output//best.th'.
2018-07-23 22:02:46,425 - INFO - allennlp.training.trainer - Training accuracy : 0.801720    Validation accuracy : 0.718283 
2018-07-23 22:02:46,426 - INFO - allennlp.training.trainer - Training loss : 0.482793    Validation loss : 0.682898 
2018-07-23 22:02:46,426 - INFO - allennlp.training.trainer - Epoch duration: 00:15:18
2018-07-23 22:02:46,426 - INFO - allennlp.training.trainer - Estimated training time remaining: 08:58:02
2018-07-23 22:02:46,426 - INFO - allennlp.training.trainer - Epoch 13/139
2018-07-23 22:02:46,426 - INFO - allennlp.training.trainer - Peak CPU memory usage MB: 6508.52
2018-07-23 22:02:46,724 - INFO - allennlp.training.trainer - GPU 0 memory usage MB: 18
2018-07-23 22:02:46,725 - INFO - allennlp.training.trainer - Training
2018-07-23 22:18:09,508 - INFO - allennlp.training.trainer - Validating
2018-07-23 22:18:34,567 - INFO - allennlp.training.trainer - Training accuracy : 0.804315    Validation accuracy : 0.716414 
2018-07-23 22:18:34,568 - INFO - allennlp.training.trainer - Training loss : 0.477849    Validation loss : 0.688271 
2018-07-23 22:18:34,568 - INFO - allennlp.training.trainer - Epoch duration: 00:15:48
2018-07-23 22:18:34,568 - INFO - allennlp.training.trainer - Estimated training time remaining: 08:44:30
2018-07-23 22:18:34,569 - INFO - allennlp.training.trainer - Epoch 14/139
2018-07-23 22:18:34,569 - INFO - allennlp.training.trainer - Peak CPU memory usage MB: 6580.704
2018-07-23 22:18:34,770 - INFO - allennlp.training.trainer - GPU 0 memory usage MB: 18
2018-07-23 22:18:34,771 - INFO - allennlp.training.trainer - Training
2018-07-23 22:33:28,636 - INFO - allennlp.training.trainer - Validating
2018-07-23 22:33:52,743 - INFO - allennlp.training.trainer - Training accuracy : 0.806322    Validation accuracy : 0.712787 
2018-07-23 22:33:52,743 - INFO - allennlp.training.trainer - Training loss : 0.472576    Validation loss : 0.704252 
2018-07-23 22:33:52,743 - INFO - allennlp.training.trainer - Epoch duration: 00:15:18
2018-07-23 22:33:52,744 - INFO - allennlp.training.trainer - Estimated training time remaining: 08:26:30
2018-07-23 22:33:52,744 - INFO - allennlp.training.trainer - Epoch 15/139
2018-07-23 22:33:52,744 - INFO - allennlp.training.trainer - Peak CPU memory usage MB: 6580.704
2018-07-23 22:33:52,966 - INFO - allennlp.training.trainer - GPU 0 memory usage MB: 18
2018-07-23 22:33:52,968 - INFO - allennlp.training.trainer - Training
2018-07-23 22:49:02,157 - INFO - allennlp.training.trainer - Validating
2018-07-23 22:49:27,365 - INFO - allennlp.training.trainer - Training accuracy : 0.808083    Validation accuracy : 0.713624 
2018-07-23 22:49:27,366 - INFO - allennlp.training.trainer - Training loss : 0.466645    Validation loss : 0.699162 
2018-07-23 22:49:27,366 - INFO - allennlp.training.trainer - Epoch duration: 00:15:34
2018-07-23 22:49:27,366 - INFO - allennlp.training.trainer - Estimated training time remaining: 08:10:58
2018-07-23 22:49:27,367 - INFO - allennlp.training.trainer - Epoch 16/139
2018-07-23 22:49:27,367 - INFO - allennlp.training.trainer - Peak CPU memory usage MB: 6580.704
2018-07-23 22:49:27,594 - INFO - allennlp.training.trainer - GPU 0 memory usage MB: 18
2018-07-23 22:49:27,596 - INFO - allennlp.training.trainer - Training
2018-07-23 23:04:30,389 - INFO - allennlp.training.trainer - Validating
2018-07-23 23:04:55,993 - INFO - allennlp.training.trainer - Best validation performance so far. Copying weights to './fever_output//best.th'.
2018-07-23 23:04:56,048 - INFO - allennlp.training.trainer - Training accuracy : 0.809189    Validation accuracy : 0.719594 
2018-07-23 23:04:56,049 - INFO - allennlp.training.trainer - Training loss : 0.463660    Validation loss : 0.687643 
2018-07-23 23:04:56,049 - INFO - allennlp.training.trainer - Epoch duration: 00:15:28
2018-07-23 23:04:56,050 - INFO - allennlp.training.trainer - Estimated training time remaining: 07:54:43
2018-07-23 23:04:56,050 - INFO - allennlp.training.trainer - Epoch 17/139
2018-07-23 23:04:56,050 - INFO - allennlp.training.trainer - Peak CPU memory usage MB: 6580.704
2018-07-23 23:04:56,238 - INFO - allennlp.training.trainer - GPU 0 memory usage MB: 18
2018-07-23 23:04:56,240 - INFO - allennlp.training.trainer - Training
2018-07-23 23:20:04,359 - INFO - allennlp.training.trainer - Validating
2018-07-23 23:20:28,547 - INFO - allennlp.training.trainer - Training accuracy : 0.813777    Validation accuracy : 0.700318 
2018-07-23 23:20:28,548 - INFO - allennlp.training.trainer - Training loss : 0.456433    Validation loss : 0.747881 
2018-07-23 23:20:28,548 - INFO - allennlp.training.trainer - Epoch duration: 00:15:32
2018-07-23 23:20:28,549 - INFO - allennlp.training.trainer - Estimated training time remaining: 07:38:59
2018-07-23 23:20:28,549 - INFO - allennlp.training.trainer - Epoch 18/139
2018-07-23 23:20:28,549 - INFO - allennlp.training.trainer - Peak CPU memory usage MB: 6580.704
2018-07-23 23:20:28,748 - INFO - allennlp.training.trainer - GPU 0 memory usage MB: 18
2018-07-23 23:20:28,750 - INFO - allennlp.training.trainer - Training
2018-07-23 23:35:39,176 - INFO - allennlp.training.trainer - Validating
2018-07-23 23:36:03,581 - INFO - allennlp.training.trainer - Training accuracy : 0.814330    Validation accuracy : 0.711197 
2018-07-23 23:36:03,581 - INFO - allennlp.training.trainer - Training loss : 0.453151    Validation loss : 0.715081 
2018-07-23 23:36:03,581 - INFO - allennlp.training.trainer - Epoch duration: 00:15:35
2018-07-23 23:36:03,581 - INFO - allennlp.training.trainer - Estimated training time remaining: 07:23:32
2018-07-23 23:36:03,582 - INFO - allennlp.training.trainer - Epoch 19/139
2018-07-23 23:36:03,582 - INFO - allennlp.training.trainer - Peak CPU memory usage MB: 6580.704
2018-07-23 23:36:03,871 - INFO - allennlp.training.trainer - GPU 0 memory usage MB: 18
2018-07-23 23:36:03,873 - INFO - allennlp.training.trainer - Training
2018-07-23 23:51:06,938 - INFO - allennlp.training.trainer - Validating
2018-07-23 23:51:32,245 - INFO - allennlp.training.trainer - Training accuracy : 0.815218    Validation accuracy : 0.712676 
2018-07-23 23:51:32,245 - INFO - allennlp.training.trainer - Training loss : 0.449196    Validation loss : 0.709653 
2018-07-23 23:51:32,246 - INFO - allennlp.training.trainer - Epoch duration: 00:15:28
2018-07-23 23:51:32,246 - INFO - allennlp.training.trainer - Estimated training time remaining: 07:07:26
2018-07-23 23:51:32,246 - INFO - allennlp.training.trainer - Epoch 20/139
2018-07-23 23:51:32,246 - INFO - allennlp.training.trainer - Peak CPU memory usage MB: 6580.704
2018-07-23 23:51:32,548 - INFO - allennlp.training.trainer - GPU 0 memory usage MB: 18
2018-07-23 23:51:32,550 - INFO - allennlp.training.trainer - Training
2018-07-24 00:06:14,416 - INFO - allennlp.training.trainer - Validating
2018-07-24 00:06:38,820 - INFO - allennlp.training.trainer - Training accuracy : 0.819027    Validation accuracy : 0.715214 
2018-07-24 00:06:38,828 - INFO - allennlp.training.trainer - Training loss : 0.444814    Validation loss : 0.709919 
2018-07-24 00:06:38,828 - INFO - allennlp.training.trainer - Epoch duration: 00:15:06
2018-07-24 00:06:38,828 - INFO - allennlp.training.trainer - Estimated training time remaining: 06:49:18
2018-07-24 00:06:38,828 - INFO - allennlp.training.trainer - Epoch 21/139
2018-07-24 00:06:38,828 - INFO - allennlp.training.trainer - Peak CPU memory usage MB: 6580.704
2018-07-24 00:06:39,058 - INFO - allennlp.training.trainer - GPU 0 memory usage MB: 18
2018-07-24 00:06:39,059 - INFO - allennlp.training.trainer - Training
2018-07-24 00:21:25,917 - INFO - allennlp.training.trainer - Validating
2018-07-24 00:21:52,709 - INFO - allennlp.training.trainer - Training accuracy : 0.820119    Validation accuracy : 0.714489 
2018-07-24 00:21:52,710 - INFO - allennlp.training.trainer - Training loss : 0.440068    Validation loss : 0.709826 
2018-07-24 00:21:52,710 - INFO - allennlp.training.trainer - Epoch duration: 00:15:13
2018-07-24 00:21:52,710 - INFO - allennlp.training.trainer - Estimated training time remaining: 06:32:07
2018-07-24 00:21:52,710 - INFO - allennlp.training.trainer - Epoch 22/139
2018-07-24 00:21:52,710 - INFO - allennlp.training.trainer - Peak CPU memory usage MB: 6580.704
2018-07-24 00:21:52,934 - INFO - allennlp.training.trainer - GPU 0 memory usage MB: 18
2018-07-24 00:21:52,934 - INFO - allennlp.training.trainer - Training
2018-07-24 00:36:30,859 - INFO - allennlp.training.trainer - Validating
2018-07-24 00:36:56,936 - INFO - allennlp.training.trainer - Training accuracy : 0.820891    Validation accuracy : 0.715744 
2018-07-24 00:36:56,937 - INFO - allennlp.training.trainer - Training loss : 0.438134    Validation loss : 0.714750 
2018-07-24 00:36:56,937 - INFO - allennlp.training.trainer - Epoch duration: 00:15:04
2018-07-24 00:36:56,937 - INFO - allennlp.training.trainer - Estimated training time remaining: 06:14:16
2018-07-24 00:36:56,937 - INFO - allennlp.training.trainer - Epoch 23/139
2018-07-24 00:36:56,938 - INFO - allennlp.training.trainer - Peak CPU memory usage MB: 6580.704
2018-07-24 00:36:57,131 - INFO - allennlp.training.trainer - GPU 0 memory usage MB: 18
2018-07-24 00:36:57,132 - INFO - allennlp.training.trainer - Training
2018-07-24 00:51:42,349 - INFO - allennlp.training.trainer - Validating
2018-07-24 00:52:07,651 - INFO - allennlp.training.trainer - Training accuracy : 0.823082    Validation accuracy : 0.711839 
2018-07-24 00:52:07,652 - INFO - allennlp.training.trainer - Training loss : 0.434500    Validation loss : 0.726180 
2018-07-24 00:52:07,652 - INFO - allennlp.training.trainer - Epoch duration: 00:15:10
2018-07-24 00:52:07,652 - INFO - allennlp.training.trainer - Estimated training time remaining: 05:57:10
2018-07-24 00:52:07,652 - INFO - allennlp.training.trainer - Epoch 24/139
2018-07-24 00:52:07,652 - INFO - allennlp.training.trainer - Peak CPU memory usage MB: 6580.704
2018-07-24 00:52:07,878 - INFO - allennlp.training.trainer - GPU 0 memory usage MB: 18
2018-07-24 00:52:07,879 - INFO - allennlp.training.trainer - Training
2018-07-24 01:06:55,515 - INFO - allennlp.training.trainer - Validating
2018-07-24 01:07:21,251 - INFO - allennlp.training.trainer - Best validation performance so far. Copying weights to './fever_output//best.th'.
2018-07-24 01:07:21,318 - INFO - allennlp.training.trainer - Training accuracy : 0.824605    Validation accuracy : 0.721044 
2018-07-24 01:07:21,319 - INFO - allennlp.training.trainer - Training loss : 0.431307    Validation loss : 0.705557 
2018-07-24 01:07:21,319 - INFO - allennlp.training.trainer - Epoch duration: 00:15:13
2018-07-24 01:07:21,319 - INFO - allennlp.training.trainer - Estimated training time remaining: 05:40:28
2018-07-24 01:07:21,319 - INFO - allennlp.training.trainer - Epoch 25/139
2018-07-24 01:07:21,319 - INFO - allennlp.training.trainer - Peak CPU memory usage MB: 6580.704
2018-07-24 01:07:21,546 - INFO - allennlp.training.trainer - GPU 0 memory usage MB: 18
2018-07-24 01:07:21,548 - INFO - allennlp.training.trainer - Training
2018-07-24 01:22:02,834 - INFO - allennlp.training.trainer - Validating
2018-07-24 01:22:27,339 - INFO - allennlp.training.trainer - Training accuracy : 0.825977    Validation accuracy : 0.712983 
2018-07-24 01:22:27,340 - INFO - allennlp.training.trainer - Training loss : 0.426928    Validation loss : 0.722556 
2018-07-24 01:22:27,340 - INFO - allennlp.training.trainer - Epoch duration: 00:15:06
2018-07-24 01:22:27,340 - INFO - allennlp.training.trainer - Estimated training time remaining: 05:23:18
2018-07-24 01:22:27,340 - INFO - allennlp.training.trainer - Epoch 26/139
2018-07-24 01:22:27,340 - INFO - allennlp.training.trainer - Peak CPU memory usage MB: 6580.704
2018-07-24 01:22:27,525 - INFO - allennlp.training.trainer - GPU 0 memory usage MB: 18
2018-07-24 01:22:27,526 - INFO - allennlp.training.trainer - Training
2018-07-24 01:37:04,285 - INFO - allennlp.training.trainer - Validating
2018-07-24 01:37:29,054 - INFO - allennlp.training.trainer - Training accuracy : 0.827274    Validation accuracy : 0.713513 
2018-07-24 01:37:29,054 - INFO - allennlp.training.trainer - Training loss : 0.424283    Validation loss : 0.723970 
2018-07-24 01:37:29,055 - INFO - allennlp.training.trainer - Epoch duration: 00:15:01
2018-07-24 01:37:29,055 - INFO - allennlp.training.trainer - Estimated training time remaining: 05:06:00
2018-07-24 01:37:29,055 - INFO - allennlp.training.trainer - Epoch 27/139
2018-07-24 01:37:29,055 - INFO - allennlp.training.trainer - Peak CPU memory usage MB: 6580.704
2018-07-24 01:37:29,239 - INFO - allennlp.training.trainer - GPU 0 memory usage MB: 18
2018-07-24 01:37:29,240 - INFO - allennlp.training.trainer - Training
2018-07-24 01:52:13,058 - INFO - allennlp.training.trainer - Validating
2018-07-24 01:52:38,687 - INFO - allennlp.training.trainer - Training accuracy : 0.827629    Validation accuracy : 0.711532 
2018-07-24 01:52:38,691 - INFO - allennlp.training.trainer - Training loss : 0.421917    Validation loss : 0.733768 
2018-07-24 01:52:38,692 - INFO - allennlp.training.trainer - Epoch duration: 00:15:09
2018-07-24 01:52:38,692 - INFO - allennlp.training.trainer - Estimated training time remaining: 04:49:23
2018-07-24 01:52:38,692 - INFO - allennlp.training.trainer - Epoch 28/139
2018-07-24 01:52:38,692 - INFO - allennlp.training.trainer - Peak CPU memory usage MB: 6580.704
2018-07-24 01:52:38,916 - INFO - allennlp.training.trainer - GPU 0 memory usage MB: 18
2018-07-24 01:52:38,917 - INFO - allennlp.training.trainer - Training
2018-07-24 02:07:24,343 - INFO - allennlp.training.trainer - Validating
2018-07-24 02:07:49,477 - INFO - allennlp.training.trainer - Training accuracy : 0.829486    Validation accuracy : 0.712062 
2018-07-24 02:07:49,477 - INFO - allennlp.training.trainer - Training loss : 0.419205    Validation loss : 0.724928 
2018-07-24 02:07:49,478 - INFO - allennlp.training.trainer - Epoch duration: 00:15:10
2018-07-24 02:07:49,478 - INFO - allennlp.training.trainer - Estimated training time remaining: 04:32:56
2018-07-24 02:07:49,478 - INFO - allennlp.training.trainer - Epoch 29/139
2018-07-24 02:07:49,478 - INFO - allennlp.training.trainer - Peak CPU memory usage MB: 6580.704
2018-07-24 02:07:49,690 - INFO - allennlp.training.trainer - GPU 0 memory usage MB: 18
2018-07-24 02:07:49,692 - INFO - allennlp.training.trainer - Training
2018-07-24 02:22:27,120 - INFO - allennlp.training.trainer - Validating
2018-07-24 02:22:55,248 - INFO - allennlp.training.trainer - Training accuracy : 0.830674    Validation accuracy : 0.715549 
2018-07-24 02:22:55,249 - INFO - allennlp.training.trainer - Training loss : 0.416382    Validation loss : 0.717323 
2018-07-24 02:22:55,249 - INFO - allennlp.training.trainer - Epoch duration: 00:15:05
2018-07-24 02:22:55,249 - INFO - allennlp.training.trainer - Estimated training time remaining: 04:16:17
2018-07-24 02:22:55,249 - INFO - allennlp.training.trainer - Epoch 30/139
2018-07-24 02:22:55,250 - INFO - allennlp.training.trainer - Peak CPU memory usage MB: 6580.704
2018-07-24 02:22:55,441 - INFO - allennlp.training.trainer - GPU 0 memory usage MB: 18
2018-07-24 02:22:55,442 - INFO - allennlp.training.trainer - Training
2018-07-24 02:37:36,888 - INFO - allennlp.training.trainer - Validating
2018-07-24 02:37:56,553 - INFO - allennlp.training.trainer - Training accuracy : 0.831719    Validation accuracy : 0.710667 
2018-07-24 02:37:56,554 - INFO - allennlp.training.trainer - Training loss : 0.413611    Validation loss : 0.737776 
2018-07-24 02:37:56,554 - INFO - allennlp.training.trainer - Epoch duration: 00:15:01
2018-07-24 02:37:56,554 - INFO - allennlp.training.trainer - Estimated training time remaining: 03:59:27
2018-07-24 02:37:56,554 - INFO - allennlp.training.trainer - Epoch 31/139
2018-07-24 02:37:56,555 - INFO - allennlp.training.trainer - Peak CPU memory usage MB: 6603.92
2018-07-24 02:37:56,738 - INFO - allennlp.training.trainer - GPU 0 memory usage MB: 18
2018-07-24 02:37:56,739 - INFO - allennlp.training.trainer - Training
2018-07-24 02:51:15,159 - INFO - allennlp.training.trainer - Validating
2018-07-24 02:51:35,025 - INFO - allennlp.training.trainer - Training accuracy : 0.833016    Validation accuracy : 0.712090 
2018-07-24 02:51:35,026 - INFO - allennlp.training.trainer - Training loss : 0.411501    Validation loss : 0.729075 
2018-07-24 02:51:35,026 - INFO - allennlp.training.trainer - Epoch duration: 00:13:38
2018-07-24 02:51:35,027 - INFO - allennlp.training.trainer - Estimated training time remaining: 03:38:05
2018-07-24 02:51:35,027 - INFO - allennlp.training.trainer - Epoch 32/139
2018-07-24 02:51:35,027 - INFO - allennlp.training.trainer - Peak CPU memory usage MB: 6603.92
2018-07-24 02:51:35,235 - INFO - allennlp.training.trainer - GPU 0 memory usage MB: 18
2018-07-24 02:51:35,236 - INFO - allennlp.training.trainer - Training
2018-07-24 03:05:01,299 - INFO - allennlp.training.trainer - Validating
2018-07-24 03:05:20,977 - INFO - allennlp.training.trainer - Training accuracy : 0.834566    Validation accuracy : 0.714349 
2018-07-24 03:05:20,978 - INFO - allennlp.training.trainer - Training loss : 0.407612    Validation loss : 0.735627 
2018-07-24 03:05:20,979 - INFO - allennlp.training.trainer - Epoch duration: 00:13:45
2018-07-24 03:05:20,979 - INFO - allennlp.training.trainer - Estimated training time remaining: 03:17:35
2018-07-24 03:05:20,979 - INFO - allennlp.training.trainer - Epoch 33/139
2018-07-24 03:05:20,979 - INFO - allennlp.training.trainer - Peak CPU memory usage MB: 6603.92
2018-07-24 03:05:21,168 - INFO - allennlp.training.trainer - GPU 0 memory usage MB: 18
2018-07-24 03:05:21,170 - INFO - allennlp.training.trainer - Training
2018-07-24 03:18:53,762 - INFO - allennlp.training.trainer - Validating
2018-07-24 03:19:13,629 - INFO - allennlp.training.trainer - Training accuracy : 0.835528    Validation accuracy : 0.709858 
2018-07-24 03:19:13,630 - INFO - allennlp.training.trainer - Training loss : 0.405950    Validation loss : 0.744966 
2018-07-24 03:19:13,630 - INFO - allennlp.training.trainer - Epoch duration: 00:13:52
2018-07-24 03:19:13,630 - INFO - allennlp.training.trainer - Estimated training time remaining: 02:57:50
2018-07-24 03:19:13,630 - INFO - allennlp.training.trainer - Epoch 34/139
2018-07-24 03:19:13,630 - INFO - allennlp.training.trainer - Peak CPU memory usage MB: 6603.92
2018-07-24 03:19:13,853 - INFO - allennlp.training.trainer - GPU 0 memory usage MB: 18
2018-07-24 03:19:13,854 - INFO - allennlp.training.trainer - Training
2018-07-24 03:32:39,659 - INFO - allennlp.training.trainer - Validating
2018-07-24 03:32:59,256 - INFO - allennlp.training.trainer - Training accuracy : 0.835057    Validation accuracy : 0.710026 
2018-07-24 03:32:59,257 - INFO - allennlp.training.trainer - Training loss : 0.405333    Validation loss : 0.740349 
2018-07-24 03:32:59,258 - INFO - allennlp.training.trainer - Epoch duration: 00:13:45
2018-07-24 03:32:59,258 - INFO - allennlp.training.trainer - Estimated training time remaining: 02:38:04
2018-07-24 03:32:59,258 - INFO - allennlp.training.trainer - Epoch 35/139
2018-07-24 03:32:59,258 - INFO - allennlp.training.trainer - Peak CPU memory usage MB: 6603.92
2018-07-24 03:32:59,462 - INFO - allennlp.training.trainer - GPU 0 memory usage MB: 18
2018-07-24 03:32:59,463 - INFO - allennlp.training.trainer - Training
2018-07-24 03:46:24,912 - INFO - allennlp.training.trainer - Validating
2018-07-24 03:46:44,424 - INFO - allennlp.training.trainer - Training accuracy : 0.836853    Validation accuracy : 0.714266 
2018-07-24 03:46:44,425 - INFO - allennlp.training.trainer - Training loss : 0.401525    Validation loss : 0.737135 
2018-07-24 03:46:44,425 - INFO - allennlp.training.trainer - Epoch duration: 00:13:45
2018-07-24 03:46:44,425 - INFO - allennlp.training.trainer - Estimated training time remaining: 02:18:36
2018-07-24 03:46:44,425 - INFO - allennlp.training.trainer - Epoch 36/139
2018-07-24 03:46:44,426 - INFO - allennlp.training.trainer - Peak CPU memory usage MB: 6603.92
2018-07-24 03:46:44,633 - INFO - allennlp.training.trainer - GPU 0 memory usage MB: 18
2018-07-24 03:46:44,635 - INFO - allennlp.training.trainer - Training
2018-07-24 04:00:14,792 - INFO - allennlp.training.trainer - Validating
2018-07-24 04:00:34,549 - INFO - allennlp.training.trainer - Training accuracy : 0.837979    Validation accuracy : 0.714601 
2018-07-24 04:00:34,550 - INFO - allennlp.training.trainer - Training loss : 0.398329    Validation loss : 0.738883 
2018-07-24 04:00:34,550 - INFO - allennlp.training.trainer - Epoch duration: 00:13:50
2018-07-24 04:00:34,550 - INFO - allennlp.training.trainer - Estimated training time remaining: 01:59:41
2018-07-24 04:00:34,550 - INFO - allennlp.training.trainer - Epoch 37/139
2018-07-24 04:00:34,550 - INFO - allennlp.training.trainer - Peak CPU memory usage MB: 6603.92
2018-07-24 04:00:34,744 - INFO - allennlp.training.trainer - GPU 0 memory usage MB: 18
2018-07-24 04:00:34,745 - INFO - allennlp.training.trainer - Training
2018-07-24 04:14:07,411 - INFO - allennlp.training.trainer - Validating
2018-07-24 04:14:27,422 - INFO - allennlp.training.trainer - Training accuracy : 0.837208    Validation accuracy : 0.706929 
2018-07-24 04:14:27,423 - INFO - allennlp.training.trainer - Training loss : 0.399039    Validation loss : 0.759869 
2018-07-24 04:14:27,423 - INFO - allennlp.training.trainer - Epoch duration: 00:13:52
2018-07-24 04:14:27,423 - INFO - allennlp.training.trainer - Estimated training time remaining: 01:41:09
2018-07-24 04:14:27,424 - INFO - allennlp.training.trainer - Epoch 38/139
2018-07-24 04:14:27,424 - INFO - allennlp.training.trainer - Peak CPU memory usage MB: 6603.92
2018-07-24 04:14:27,656 - INFO - allennlp.training.trainer - GPU 0 memory usage MB: 18
2018-07-24 04:14:27,657 - INFO - allennlp.training.trainer - Training
2018-07-24 04:27:53,372 - INFO - allennlp.training.trainer - Validating
2018-07-24 04:28:12,922 - INFO - allennlp.training.trainer - Training accuracy : 0.840410    Validation accuracy : 0.709133 
2018-07-24 04:28:12,923 - INFO - allennlp.training.trainer - Training loss : 0.395494    Validation loss : 0.752919 
2018-07-24 04:28:12,923 - INFO - allennlp.training.trainer - Epoch duration: 00:13:45
2018-07-24 04:28:12,923 - INFO - allennlp.training.trainer - Estimated training time remaining: 01:22:33
2018-07-24 04:28:12,923 - INFO - allennlp.training.trainer - Epoch 39/139
2018-07-24 04:28:12,923 - INFO - allennlp.training.trainer - Peak CPU memory usage MB: 6603.92
2018-07-24 04:28:13,132 - INFO - allennlp.training.trainer - GPU 0 memory usage MB: 18
2018-07-24 04:28:13,133 - INFO - allennlp.training.trainer - Training
2018-07-24 04:41:42,321 - INFO - allennlp.training.trainer - Validating
2018-07-24 04:42:01,998 - INFO - allennlp.training.trainer - Training accuracy : 0.840246    Validation accuracy : 0.706511 
2018-07-24 04:42:01,999 - INFO - allennlp.training.trainer - Training loss : 0.394795    Validation loss : 0.769264 
2018-07-24 04:42:02,000 - INFO - allennlp.training.trainer - Epoch duration: 00:13:49
2018-07-24 04:42:02,000 - INFO - allennlp.training.trainer - Estimated training time remaining: 01:04:20
2018-07-24 04:42:02,000 - INFO - allennlp.training.trainer - Epoch 40/139
2018-07-24 04:42:02,001 - INFO - allennlp.training.trainer - Peak CPU memory usage MB: 6603.92
2018-07-24 04:42:02,227 - INFO - allennlp.training.trainer - GPU 0 memory usage MB: 18
2018-07-24 04:42:02,229 - INFO - allennlp.training.trainer - Training
2018-07-24 04:55:44,924 - INFO - allennlp.training.trainer - Validating
2018-07-24 04:56:04,532 - INFO - allennlp.training.trainer - Training accuracy : 0.839761    Validation accuracy : 0.707906 
2018-07-24 04:56:04,533 - INFO - allennlp.training.trainer - Training loss : 0.392357    Validation loss : 0.755954 
2018-07-24 04:56:04,533 - INFO - allennlp.training.trainer - Epoch duration: 00:14:02
2018-07-24 04:56:04,533 - INFO - allennlp.training.trainer - Estimated training time remaining: 00:46:52
2018-07-24 04:56:04,534 - INFO - allennlp.training.trainer - Epoch 41/139
2018-07-24 04:56:04,534 - INFO - allennlp.training.trainer - Peak CPU memory usage MB: 6603.92
2018-07-24 04:56:04,721 - INFO - allennlp.training.trainer - GPU 0 memory usage MB: 18
2018-07-24 04:56:04,723 - INFO - allennlp.training.trainer - Training
2018-07-24 05:09:38,739 - INFO - allennlp.training.trainer - Validating
2018-07-24 05:09:58,554 - INFO - allennlp.training.trainer - Training accuracy : 0.841516    Validation accuracy : 0.715716 
2018-07-24 05:09:58,555 - INFO - allennlp.training.trainer - Training loss : 0.391005    Validation loss : 0.736893 
2018-07-24 05:09:58,555 - INFO - allennlp.training.trainer - Epoch duration: 00:13:54
2018-07-24 05:09:58,556 - INFO - allennlp.training.trainer - Estimated training time remaining: 00:29:15
2018-07-24 05:09:58,556 - INFO - allennlp.training.trainer - Epoch 42/139
2018-07-24 05:09:58,556 - INFO - allennlp.training.trainer - Peak CPU memory usage MB: 6603.92
2018-07-24 05:09:58,773 - INFO - allennlp.training.trainer - GPU 0 memory usage MB: 18
2018-07-24 05:09:58,774 - INFO - allennlp.training.trainer - Training
2018-07-24 05:23:24,070 - INFO - allennlp.training.trainer - Validating
2018-07-24 05:23:43,082 - INFO - allennlp.training.trainer - Training accuracy : 0.841570    Validation accuracy : 0.718673 
2018-07-24 05:23:43,083 - INFO - allennlp.training.trainer - Training loss : 0.389306    Validation loss : 0.720148 
2018-07-24 05:23:43,083 - INFO - allennlp.training.trainer - Epoch duration: 00:13:44
2018-07-24 05:23:43,084 - INFO - allennlp.training.trainer - Estimated training time remaining: 00:11:26
2018-07-24 05:23:43,084 - INFO - allennlp.training.trainer - Epoch 43/139
2018-07-24 05:23:43,084 - INFO - allennlp.training.trainer - Peak CPU memory usage MB: 6603.92
2018-07-24 05:23:43,283 - INFO - allennlp.training.trainer - GPU 0 memory usage MB: 18
2018-07-24 05:23:43,285 - INFO - allennlp.training.trainer - Training
2018-07-24 05:37:35,666 - INFO - allennlp.training.trainer - Validating
2018-07-24 05:38:04,948 - INFO - allennlp.training.trainer - Training accuracy : 0.843557    Validation accuracy : 0.711476 
2018-07-24 05:38:04,949 - INFO - allennlp.training.trainer - Training loss : 0.386243    Validation loss : 0.754359 
2018-07-24 05:38:04,949 - INFO - allennlp.training.trainer - Epoch duration: 00:14:21
2018-07-24 05:38:04,950 - INFO - allennlp.training.trainer - Estimated training time remaining: 23:55:10
2018-07-24 05:38:04,950 - INFO - allennlp.training.trainer - Epoch 44/139
2018-07-24 05:38:04,950 - INFO - allennlp.training.trainer - Peak CPU memory usage MB: 6603.92
2018-07-24 05:38:05,232 - INFO - allennlp.training.trainer - GPU 0 memory usage MB: 18
2018-07-24 05:38:05,233 - INFO - allennlp.training.trainer - Training
2018-07-24 05:51:42,612 - INFO - allennlp.training.trainer - Validating
2018-07-24 05:52:02,491 - INFO - allennlp.training.trainer - Best validation performance so far. Copying weights to './fever_output//best.th'.
2018-07-24 05:52:02,555 - INFO - allennlp.training.trainer - Training accuracy : 0.842744    Validation accuracy : 0.722077 
2018-07-24 05:52:02,556 - INFO - allennlp.training.trainer - Training loss : 0.386834    Validation loss : 0.723096 
2018-07-24 05:52:02,556 - INFO - allennlp.training.trainer - Epoch duration: 00:13:57
2018-07-24 05:52:02,557 - INFO - allennlp.training.trainer - Estimated training time remaining: 23:38:07
2018-07-24 05:52:02,557 - INFO - allennlp.training.trainer - Epoch 45/139
2018-07-24 05:52:02,557 - INFO - allennlp.training.trainer - Peak CPU memory usage MB: 6603.92
2018-07-24 05:52:02,746 - INFO - allennlp.training.trainer - GPU 0 memory usage MB: 18
2018-07-24 05:52:02,747 - INFO - allennlp.training.trainer - Training
2018-07-24 06:05:37,389 - INFO - allennlp.training.trainer - Validating
2018-07-24 06:05:57,519 - INFO - allennlp.training.trainer - Training accuracy : 0.844731    Validation accuracy : 0.710054 
2018-07-24 06:05:57,520 - INFO - allennlp.training.trainer - Training loss : 0.383699    Validation loss : 0.749440 
2018-07-24 06:05:57,520 - INFO - allennlp.training.trainer - Epoch duration: 00:13:54
2018-07-24 06:05:57,520 - INFO - allennlp.training.trainer - Estimated training time remaining: 23:21:08
2018-07-24 06:05:57,521 - INFO - allennlp.training.trainer - Epoch 46/139
2018-07-24 06:05:57,521 - INFO - allennlp.training.trainer - Peak CPU memory usage MB: 6603.92
2018-07-24 06:05:57,744 - INFO - allennlp.training.trainer - GPU 0 memory usage MB: 18
2018-07-24 06:05:57,745 - INFO - allennlp.training.trainer - Training
2018-07-24 06:19:19,174 - INFO - allennlp.training.trainer - Validating
2018-07-24 06:19:39,110 - INFO - allennlp.training.trainer - Training accuracy : 0.845578    Validation accuracy : 0.709105 
2018-07-24 06:19:39,111 - INFO - allennlp.training.trainer - Training loss : 0.381341    Validation loss : 0.759450 
2018-07-24 06:19:39,111 - INFO - allennlp.training.trainer - Epoch duration: 00:13:41
2018-07-24 06:19:39,112 - INFO - allennlp.training.trainer - Estimated training time remaining: 23:03:49
2018-07-24 06:19:39,112 - INFO - allennlp.training.trainer - Epoch 47/139
2018-07-24 06:19:39,112 - INFO - allennlp.training.trainer - Peak CPU memory usage MB: 6603.92
2018-07-24 06:19:39,317 - INFO - allennlp.training.trainer - GPU 0 memory usage MB: 18
2018-07-24 06:19:39,319 - INFO - allennlp.training.trainer - Training
2018-07-24 06:33:15,684 - INFO - allennlp.training.trainer - Validating
2018-07-24 06:33:35,676 - INFO - allennlp.training.trainer - Training accuracy : 0.845858    Validation accuracy : 0.713987 
2018-07-24 06:33:35,677 - INFO - allennlp.training.trainer - Training loss : 0.379493    Validation loss : 0.742096 
2018-07-24 06:33:35,678 - INFO - allennlp.training.trainer - Epoch duration: 00:13:56
2018-07-24 06:33:35,678 - INFO - allennlp.training.trainer - Estimated training time remaining: 22:47:09
2018-07-24 06:33:35,678 - INFO - allennlp.training.trainer - Epoch 48/139
2018-07-24 06:33:35,678 - INFO - allennlp.training.trainer - Peak CPU memory usage MB: 6603.92
2018-07-24 06:33:35,993 - INFO - allennlp.training.trainer - GPU 0 memory usage MB: 18
2018-07-24 06:33:35,995 - INFO - allennlp.training.trainer - Training
2018-07-24 06:47:09,725 - INFO - allennlp.training.trainer - Validating
2018-07-24 06:47:31,579 - INFO - allennlp.training.trainer - Training accuracy : 0.846615    Validation accuracy : 0.720598 
2018-07-24 06:47:31,580 - INFO - allennlp.training.trainer - Training loss : 0.375566    Validation loss : 0.736373 
2018-07-24 06:47:31,580 - INFO - allennlp.training.trainer - Epoch duration: 00:13:55
2018-07-24 06:47:31,580 - INFO - allennlp.training.trainer - Estimated training time remaining: 22:30:34
2018-07-24 06:47:31,581 - INFO - allennlp.training.trainer - Epoch 49/139
2018-07-24 06:47:31,581 - INFO - allennlp.training.trainer - Peak CPU memory usage MB: 6603.92
2018-07-24 06:47:31,785 - INFO - allennlp.training.trainer - GPU 0 memory usage MB: 18
2018-07-24 06:47:31,786 - INFO - allennlp.training.trainer - Training
2018-07-24 07:00:54,647 - INFO - allennlp.training.trainer - Validating
2018-07-24 07:01:14,718 - INFO - allennlp.training.trainer - Training accuracy : 0.847435    Validation accuracy : 0.712229 
2018-07-24 07:01:14,719 - INFO - allennlp.training.trainer - Training loss : 0.376903    Validation loss : 0.764995 
2018-07-24 07:01:14,719 - INFO - allennlp.training.trainer - Epoch duration: 00:13:43
2018-07-24 07:01:14,720 - INFO - allennlp.training.trainer - Estimated training time remaining: 22:13:42
2018-07-24 07:01:14,720 - INFO - allennlp.training.trainer - Epoch 50/139
2018-07-24 07:01:14,720 - INFO - allennlp.training.trainer - Peak CPU memory usage MB: 6603.92
2018-07-24 07:01:14,949 - INFO - allennlp.training.trainer - GPU 0 memory usage MB: 18
2018-07-24 07:01:14,951 - INFO - allennlp.training.trainer - Training
2018-07-24 07:14:40,915 - INFO - allennlp.training.trainer - Validating
2018-07-24 07:14:59,979 - INFO - allennlp.training.trainer - Training accuracy : 0.848452    Validation accuracy : 0.718394 
2018-07-24 07:14:59,980 - INFO - allennlp.training.trainer - Training loss : 0.375208    Validation loss : 0.737854 
2018-07-24 07:14:59,980 - INFO - allennlp.training.trainer - Epoch duration: 00:13:45
2018-07-24 07:14:59,980 - INFO - allennlp.training.trainer - Estimated training time remaining: 21:57:01
2018-07-24 07:14:59,980 - INFO - allennlp.training.trainer - Epoch 51/139
2018-07-24 07:14:59,980 - INFO - allennlp.training.trainer - Peak CPU memory usage MB: 6603.92
2018-07-24 07:15:00,187 - INFO - allennlp.training.trainer - GPU 0 memory usage MB: 18
2018-07-24 07:15:00,189 - INFO - allennlp.training.trainer - Training
2018-07-24 07:28:31,131 - INFO - allennlp.training.trainer - Validating
2018-07-24 07:28:51,003 - INFO - allennlp.training.trainer - Training accuracy : 0.848711    Validation accuracy : 0.716972 
2018-07-24 07:28:51,004 - INFO - allennlp.training.trainer - Training loss : 0.372168    Validation loss : 0.752249 
2018-07-24 07:28:51,004 - INFO - allennlp.training.trainer - Epoch duration: 00:13:51
2018-07-24 07:28:51,005 - INFO - allennlp.training.trainer - Estimated training time remaining: 21:40:37
2018-07-24 07:28:51,005 - INFO - allennlp.training.trainer - Epoch 52/139
2018-07-24 07:28:51,005 - INFO - allennlp.training.trainer - Peak CPU memory usage MB: 6603.92
2018-07-24 07:28:51,196 - INFO - allennlp.training.trainer - GPU 0 memory usage MB: 18
2018-07-24 07:28:51,197 - INFO - allennlp.training.trainer - Training
2018-07-24 07:42:19,564 - INFO - allennlp.training.trainer - Validating
2018-07-24 07:42:39,605 - INFO - allennlp.training.trainer - Training accuracy : 0.849312    Validation accuracy : 0.711588 
2018-07-24 07:42:39,605 - INFO - allennlp.training.trainer - Training loss : 0.373481    Validation loss : 0.764294 
2018-07-24 07:42:39,606 - INFO - allennlp.training.trainer - Epoch duration: 00:13:48
2018-07-24 07:42:39,606 - INFO - allennlp.training.trainer - Estimated training time remaining: 21:24:15
2018-07-24 07:42:39,606 - INFO - allennlp.training.trainer - Epoch 53/139
2018-07-24 07:42:39,606 - INFO - allennlp.training.trainer - Peak CPU memory usage MB: 6603.92
2018-07-24 07:42:39,821 - INFO - allennlp.training.trainer - GPU 0 memory usage MB: 18
2018-07-24 07:42:39,823 - INFO - allennlp.training.trainer - Training
2018-07-24 07:56:16,856 - INFO - allennlp.training.trainer - Validating
2018-07-24 07:56:37,188 - INFO - allennlp.training.trainer - Training accuracy : 0.850370    Validation accuracy : 0.713987 
2018-07-24 07:56:37,189 - INFO - allennlp.training.trainer - Training loss : 0.369454    Validation loss : 0.753053 
2018-07-24 07:56:37,189 - INFO - allennlp.training.trainer - Epoch duration: 00:13:57
2018-07-24 07:56:37,189 - INFO - allennlp.training.trainer - Estimated training time remaining: 21:08:13
2018-07-24 07:56:37,189 - INFO - allennlp.training.trainer - Epoch 54/139
2018-07-24 07:56:37,190 - INFO - allennlp.training.trainer - Peak CPU memory usage MB: 6603.92
2018-07-24 07:56:37,407 - INFO - allennlp.training.trainer - GPU 0 memory usage MB: 18
2018-07-24 07:56:37,409 - INFO - allennlp.training.trainer - Training
2018-07-24 08:10:19,798 - INFO - allennlp.training.trainer - Validating
2018-07-24 08:10:40,112 - INFO - allennlp.training.trainer - Training accuracy : 0.850800    Validation accuracy : 0.709886 
2018-07-24 08:10:40,113 - INFO - allennlp.training.trainer - Training loss : 0.368673    Validation loss : 0.772219 
2018-07-24 08:10:40,113 - INFO - allennlp.training.trainer - Epoch duration: 00:14:02
2018-07-24 08:10:40,113 - INFO - allennlp.training.trainer - Estimated training time remaining: 20:52:23
2018-07-24 08:10:40,113 - INFO - allennlp.training.trainer - Epoch 55/139
2018-07-24 08:10:40,113 - INFO - allennlp.training.trainer - Peak CPU memory usage MB: 6603.92
2018-07-24 08:10:40,317 - INFO - allennlp.training.trainer - GPU 0 memory usage MB: 18
2018-07-24 08:10:40,318 - INFO - allennlp.training.trainer - Training
2018-07-24 08:24:23,470 - INFO - allennlp.training.trainer - Validating
2018-07-24 08:24:43,619 - INFO - allennlp.training.trainer - Training accuracy : 0.850903    Validation accuracy : 0.709914 
2018-07-24 08:24:43,620 - INFO - allennlp.training.trainer - Training loss : 0.366861    Validation loss : 0.771446 
2018-07-24 08:24:43,620 - INFO - allennlp.training.trainer - Epoch duration: 00:14:03
2018-07-24 08:24:43,620 - INFO - allennlp.training.trainer - Estimated training time remaining: 20:36:38
2018-07-24 08:24:43,620 - INFO - allennlp.training.trainer - Epoch 56/139
2018-07-24 08:24:43,620 - INFO - allennlp.training.trainer - Peak CPU memory usage MB: 6675.924
2018-07-24 08:24:43,833 - INFO - allennlp.training.trainer - GPU 0 memory usage MB: 18
2018-07-24 08:24:43,834 - INFO - allennlp.training.trainer - Training
2018-07-24 08:38:19,539 - INFO - allennlp.training.trainer - Validating
2018-07-24 08:38:39,632 - INFO - allennlp.training.trainer - Training accuracy : 0.851470    Validation accuracy : 0.712146 
2018-07-24 08:38:39,633 - INFO - allennlp.training.trainer - Training loss : 0.367904    Validation loss : 0.771458 
2018-07-24 08:38:39,633 - INFO - allennlp.training.trainer - Epoch duration: 00:13:56
2018-07-24 08:38:39,633 - INFO - allennlp.training.trainer - Estimated training time remaining: 20:20:46
2018-07-24 08:38:39,634 - INFO - allennlp.training.trainer - Epoch 57/139
2018-07-24 08:38:39,634 - INFO - allennlp.training.trainer - Peak CPU memory usage MB: 6675.924
2018-07-24 08:38:39,849 - INFO - allennlp.training.trainer - GPU 0 memory usage MB: 18
2018-07-24 08:38:39,851 - INFO - allennlp.training.trainer - Training
2018-07-24 08:52:08,444 - INFO - allennlp.training.trainer - Validating
2018-07-24 08:52:28,412 - INFO - allennlp.training.trainer - Training accuracy : 0.851217    Validation accuracy : 0.711197 
2018-07-24 08:52:28,413 - INFO - allennlp.training.trainer - Training loss : 0.364650    Validation loss : 0.765965 
2018-07-24 08:52:28,413 - INFO - allennlp.training.trainer - Epoch duration: 00:13:48
2018-07-24 08:52:28,413 - INFO - allennlp.training.trainer - Estimated training time remaining: 20:04:48
2018-07-24 08:52:28,413 - INFO - allennlp.training.trainer - Epoch 58/139
2018-07-24 08:52:28,413 - INFO - allennlp.training.trainer - Peak CPU memory usage MB: 6675.924
2018-07-24 08:52:28,618 - INFO - allennlp.training.trainer - GPU 0 memory usage MB: 18
2018-07-24 08:52:28,619 - INFO - allennlp.training.trainer - Training
2018-07-24 09:06:00,480 - INFO - allennlp.training.trainer - Validating
2018-07-24 09:06:20,531 - INFO - allennlp.training.trainer - Training accuracy : 0.853327    Validation accuracy : 0.710528 
2018-07-24 09:06:20,532 - INFO - allennlp.training.trainer - Training loss : 0.363845    Validation loss : 0.770212 
2018-07-24 09:06:20,532 - INFO - allennlp.training.trainer - Epoch duration: 00:13:52
2018-07-24 09:06:20,533 - INFO - allennlp.training.trainer - Estimated training time remaining: 19:48:58
2018-07-24 09:06:20,533 - INFO - allennlp.training.trainer - Epoch 59/139
2018-07-24 09:06:20,533 - INFO - allennlp.training.trainer - Peak CPU memory usage MB: 6675.924
2018-07-24 09:06:20,735 - INFO - allennlp.training.trainer - GPU 0 memory usage MB: 18
2018-07-24 09:06:20,737 - INFO - allennlp.training.trainer - Training
2018-07-24 09:20:06,536 - INFO - allennlp.training.trainer - Validating
2018-07-24 09:20:26,410 - INFO - allennlp.training.trainer - Training accuracy : 0.852753    Validation accuracy : 0.713931 
2018-07-24 09:20:26,410 - INFO - allennlp.training.trainer - Training loss : 0.363123    Validation loss : 0.757334 
2018-07-24 09:20:26,411 - INFO - allennlp.training.trainer - Epoch duration: 00:14:05
2018-07-24 09:20:26,411 - INFO - allennlp.training.trainer - Estimated training time remaining: 19:33:31
2018-07-24 09:20:26,411 - INFO - allennlp.training.trainer - Epoch 60/139
2018-07-24 09:20:26,411 - INFO - allennlp.training.trainer - Peak CPU memory usage MB: 6675.924
2018-07-24 09:20:26,615 - INFO - allennlp.training.trainer - GPU 0 memory usage MB: 18
2018-07-24 09:20:26,617 - INFO - allennlp.training.trainer - Training
2018-07-24 09:34:03,945 - INFO - allennlp.training.trainer - Validating
2018-07-24 09:34:24,159 - INFO - allennlp.training.trainer - Training accuracy : 0.854419    Validation accuracy : 0.705088 
2018-07-24 09:34:24,160 - INFO - allennlp.training.trainer - Training loss : 0.359358    Validation loss : 0.801145 
2018-07-24 09:34:24,160 - INFO - allennlp.training.trainer - Epoch duration: 00:13:57
2018-07-24 09:34:24,161 - INFO - allennlp.training.trainer - Estimated training time remaining: 19:17:56
2018-07-24 09:34:24,161 - INFO - allennlp.training.trainer - Epoch 61/139
2018-07-24 09:34:24,161 - INFO - allennlp.training.trainer - Peak CPU memory usage MB: 6675.924
2018-07-24 09:34:24,351 - INFO - allennlp.training.trainer - GPU 0 memory usage MB: 18
2018-07-24 09:34:24,352 - INFO - allennlp.training.trainer - Training
2018-07-24 09:47:53,390 - INFO - allennlp.training.trainer - Validating
2018-07-24 09:48:13,719 - INFO - allennlp.training.trainer - Training accuracy : 0.855477    Validation accuracy : 0.715828 
2018-07-24 09:48:13,719 - INFO - allennlp.training.trainer - Training loss : 0.358618    Validation loss : 0.758016 
2018-07-24 09:48:13,720 - INFO - allennlp.training.trainer - Epoch duration: 00:13:49
2018-07-24 09:48:13,720 - INFO - allennlp.training.trainer - Estimated training time remaining: 19:02:14
2018-07-24 09:48:13,720 - INFO - allennlp.training.trainer - Epoch 62/139
2018-07-24 09:48:13,720 - INFO - allennlp.training.trainer - Peak CPU memory usage MB: 6675.924
2018-07-24 09:48:13,930 - INFO - allennlp.training.trainer - GPU 0 memory usage MB: 18
2018-07-24 09:48:13,932 - INFO - allennlp.training.trainer - Training
2018-07-24 10:01:48,110 - INFO - allennlp.training.trainer - Validating
2018-07-24 10:02:07,903 - INFO - allennlp.training.trainer - Training accuracy : 0.854719    Validation accuracy : 0.716693 
2018-07-24 10:02:07,904 - INFO - allennlp.training.trainer - Training loss : 0.358527    Validation loss : 0.760225 
2018-07-24 10:02:07,904 - INFO - allennlp.training.trainer - Epoch duration: 00:13:54
2018-07-24 10:02:07,904 - INFO - allennlp.training.trainer - Estimated training time remaining: 18:46:41
2018-07-24 10:02:07,904 - INFO - allennlp.training.trainer - Epoch 63/139
2018-07-24 10:02:07,905 - INFO - allennlp.training.trainer - Peak CPU memory usage MB: 6675.924
2018-07-24 10:02:08,116 - INFO - allennlp.training.trainer - GPU 0 memory usage MB: 18
2018-07-24 10:02:08,117 - INFO - allennlp.training.trainer - Training
2018-07-24 10:15:29,630 - INFO - allennlp.training.trainer - Validating
2018-07-24 10:15:49,521 - INFO - allennlp.training.trainer - Training accuracy : 0.855873    Validation accuracy : 0.709440 
2018-07-24 10:15:49,522 - INFO - allennlp.training.trainer - Training loss : 0.355942    Validation loss : 0.780460 
2018-07-24 10:15:49,522 - INFO - allennlp.training.trainer - Epoch duration: 00:13:41
2018-07-24 10:15:49,522 - INFO - allennlp.training.trainer - Estimated training time remaining: 18:30:56
2018-07-24 10:15:49,523 - INFO - allennlp.training.trainer - Epoch 64/139
2018-07-24 10:15:49,523 - INFO - allennlp.training.trainer - Peak CPU memory usage MB: 6675.924
2018-07-24 10:15:49,730 - INFO - allennlp.training.trainer - GPU 0 memory usage MB: 18
2018-07-24 10:15:49,731 - INFO - allennlp.training.trainer - Training
2018-07-24 10:29:07,966 - INFO - allennlp.training.trainer - Validating
2018-07-24 10:29:27,291 - INFO - allennlp.training.trainer - Ran out of patience.  Stopping training.
2018-07-24 10:29:27,291 - INFO - allennlp.models.archival - archiving weights and vocabulary to ./fever_output/model.tar.gz
2018-07-24 10:29:29,742 - INFO - allennlp.commands.fine_tune - Metrics: {
  "training_duration": "15:49:09",
  "training_start_epoch": 0,
  "training_epochs": 64,
  "training_accuracy": 0.8565557262331456,
  "training_loss": 0.3556862401174562,
  "validation_accuracy": 0.7176411515286766,
  "validation_loss": 0.7617436918258209,
  "best_validation_accuracy": 0.7220765454139702,
  "best_epoch": 44
}
